<?xml version="1.0" encoding="UTF-8"?>
<!-- Generated by org.testng.reporters.JUnitReportReporter -->
<testsuite skipped="1" hostname="GOD" name="com.TestCase.TC_LoginTest_001" tests="1" failures="0" timestamp="2023-02-02T13:35:10 IST" time="0.000" errors="0">
  <testcase name="loginTest" time="0.000" classname="com.TestCase.TC_LoginTest_001">
    <skipped/>
  </testcase> <!-- loginTest -->
  <system-out/>
</testsuite> <!-- com.TestCase.TC_LoginTest_001 -->
