<?xml version="1.0" encoding="UTF-8"?>
<!-- Generated by org.testng.reporters.JUnitReportReporter -->
<testsuite hostname="LAPTOP-IU0714GQ" failures="0" tests="1" name="com.TestCase.TC_LoginTest_001" time="0.015" errors="0" timestamp="2021-12-30T17:58:25 IST" skipped="0">
  <testcase classname="com.TestCase.TC_LoginTest_001" name="loginTest" time="0.015"/>
  <system-out/>
</testsuite> <!-- com.TestCase.TC_LoginTest_001 -->
