<?xml version="1.0" encoding="UTF-8"?>
<!-- Generated by org.testng.reporters.JUnitReportReporter -->
<testsuite hostname="LAPTOP-IU0714GQ" failures="0" tests="1" name="com.TestCase.TC_001" time="0.010" errors="0" timestamp="2022-02-02T10:43:32 IST" skipped="0">
  <testcase classname="com.TestCase.TC_001" name="name" time="0.010"/>
  <system-out/>
</testsuite> <!-- com.TestCase.TC_001 -->
