<?xml version="1.0" encoding="UTF-8"?>
<!-- Generated by org.testng.reporters.JUnitReportReporter -->
<testsuite skipped="0" hostname="LAPTOP-IU0714GQ" name="com.TestCase.TC_NewAccount_004" tests="1" failures="0" timestamp="2022-01-19T15:03:36 IST" time="8.451" errors="0">
  <testcase name="NewAccountlogin" time="8.451" classname="com.TestCase.TC_NewAccount_004"/>
  <system-out/>
</testsuite> <!-- com.TestCase.TC_NewAccount_004 -->
