<?xml version="1.0" encoding="UTF-8"?>
<!-- Generated by org.testng.reporters.JUnitReportReporter -->
<testsuite hostname="LAPTOP-IU0714GQ" failures="0" tests="1" name="com.TestCase.TC_LoginTest_002" time="0.000" errors="0" timestamp="2022-02-01T17:07:30 IST" skipped="1">
  <testcase classname="com.TestCase.TC_LoginTest_002" name="NewCustomer" time="0.000">
    <skipped/>
  </testcase> <!-- NewCustomer -->
  <system-out/>
</testsuite> <!-- com.TestCase.TC_LoginTest_002 -->
